11 0 212 259 213 271 114 242 141 256 94 257
13 296 75 95 156 96 68 111 10 112 12 59 293 2
12 180 85 127 285 282 121 243 101 265 288 272 151
16 216 80 13 260 63 224 185 11 119 181 152 126 135 208 132 183
17 167 249 161 290 15 245 214 244 258 48 201 196 106 206 49 274 130
16 54 103 294 276 107 226 21 284 170 89 98 205 43 1 153 175
16 116 148 203 273 74 39 204 50 140 25 219 104 154 178 149 3
15 168 41 162 92 150 125 281 241 295 73 16 67 233 189 247
14 108 159 133 105 60 174 146 27 131 223 155 143 77 165
16 87 72 62 218 19 277 217 207 197 42 83 289 123 173 211 4
15 164 136 227 198 32 14 177 190 70 35 142 228 240 84 169
17 275 88 210 137 144 113 102 82 209 160 138 292 71 97 278 5 6
16 184 8 58 18 200 79 188 236 237 283 287 266 252 37 9 7
15 110 134 220 171 57 91 202 298 163 78 297 69 52 17 20
16 34 246 261 232 239 158 61 269 81 250 145 262 279 22 23 24
12 99 44 129 40 157 195 76 124 215 194 26 28
11 225 29 128 254 235 139 176 47 229 30 31
11 193 187 38 230 147 248 238 192 251 33 36
10 286 56 109 90 182 120 186 45 46 51
11 299 263 117 264 55 231 270 53 64 65 66
11 267 253 255 100 86 93 115 118 122 166 172
9 191 291 280 179 199 221 222 234 268
0 
0 
0 
0 
0 
0 
0 
0 
0 
0 
0 
0 
0 
0 
0 
0 
0 
0 
0 
0 
0 
0 
0 
0 
0 
0 
0 
0 
0 
0 
0 
0 
0 
0 
0 
0 
0 
0 
0 
0 
0 
0 
0 
0 
0 
0 
0 
0 
0 
0 
0 
0 
0 
0 
0 
0 
0 
0 
0 
0 
0 
0 
0 
0 
0 
0 
0 
0 
0 
0 
0 
0 
0 
0 
0 
0 
0 
0 
