1 2591
3 1817 4476 1403
2 7468 7678
2 8227 5067
2 7716 6753
2 9459 6610
2 7227 4818
1 3560
2 5480 2445
2 2418 8727
2 5991 2939
2 2573 5891
2 3647 6517
1 4796
2 7948 1190
1 5982
1 1855
2 2660 3246
1 4887
2 3202 7376
1 1000
2 2736 8994
1 3491
2 8890 5071
1 7206
2 9121 6527
2 2288 8330
1 8563
3 9927 9569 7105
1 1880
2 2718 6018
1 7110
2 8306 6600
1 7433
2 6544 7813
1 1339
4 2346 4390 4898 4271
1 7581
1 5968
1 8824
2 8071 2669
2 2176 820
1 7632
2 7347 1159
2 4301 2620
1 8596
1 1545
1 6834
1 492
2 4027 8345
2 8773 5903
2 7575 4557
1 2528
1 978
1 6686
1 4471
2 8402 8753
2 476 7600
1 4793
2 6190 3559
1 9287
2 8253 3111
2 7013 2887
2 8088 9049
2 5091 6441
1 8730
2 9252 4941
2 9483 1344
6 1067 8397 7304 142 3458 8942
1 9520
1 7025
2 2384 773
2 3321 3207
2 4829 3539
1 9723
1 9868
2 8670 1555
2 4679 1135
5 306 3028 1327 3153 3626
1 5578
2 5983 7809
2 719 5226
2 7804 7909
2 2430 1452
2 7325 7773
1 1114
2 3358 1626
1 7621
5 6463 4052 9827 2353 6288
2 6879 9803
2 8303 9489
1 5059
3 1146 2486 7519
1 9530
3 6252 2053 4023
2 2412 4483
3 7972 9451 3185
1 4646
2 3760 4325
2 2212 5513
2 1376 8722
2 6960 6080
2 3654 9377
1 835
2 8967 218
1 2758
1 4469
2 4868 7264
2 6377 3341
4 6583 1706 3656 9304
2 873 9954
2 4411 9359
2 8965 180
3 1178 1399 9921
2 364 5886
2 4138 3507
4 8553 389 5272 3820
3 7109 5441 5230
3 3147 3936 9999
3 563 4011 1015
3 3291 3709 8895
2 1319 9360
2 1192 9515
3 9349 368 3536
6 4520 1061 3809 54 8684 4803
2 6321 7061
2 7760 722
2 7444 5478
2 6039 9824
3 6031 9925 2951
3 1140 229 9350
3 3362 3696 6521
1 3861
1 7522
3 9550 8968 923
2 7122 3870
6 1563 8192 9750 7375 7288 9005
3 4467 1922 7458
2 6090 1559
2 3827 4778
2 9186 7482
2 2866 4604
3 6912 4070 5254
3 3578 1381 9693
2 4736 1064
3 3381 9251 8199
2 9249 6143
2 5371 7147
3 3608 23 6665
1 4417
4 1874 1844 9600 4922
4 7613 2007 165 7123
4 1778 1785 8433 1680
2 5979 4181
2 4528 8047
2 641 3755
5 6591 4361 4678 4311 5159
4 9418 3388 7713 913
2 872 4949
3 5649 1105 7362
2 9763 8000
3 1803 4317 1022
2 7453 2709
2 1246 240
4 1027 1713 446 12
3 1973 3614 437
2 310 1284
2 4420 5296
3 1002 4006 5573
2 6515 3288
4 3708 5444 2463 5618
3 7684 174 5334
3 7015 5597 4319
2 3824 7239
3 8578 9044 766
2 666 2265
2 9740 1131
6 2099 4337 4332 207 4923 4277
6 7506 8139 9764 7723 3097 8558
1 1998
1 3638
4 6520 7985 7115 1961
2 9914 4580
3 7108 1208 2448
3 8711 5553 89
4 8758 7355 4329 7992
2 3225 9910
3 2015 8184 5969
2 3705 6152
4 7990 9048 7182 8013
4 2297 8605 807 9099
2 7655 644
2 3086 1018
2 6238 1956
2 7464 1546
2 8788 3367
3 6745 3230 4321
3 1529 4588 5790
3 6403 7284 5975
3 7913 1023 8422
3 9019 5742 6687
4 7779 9346 8119 1293
5 5780 2502 7290 5030 2408
3 8571 1427 7937
3 5332 2177 1322
4 7862 499 3088 5127
3 5281 7844 8594
4 9913 4717 5985 5883
2 4838 7432
6 4644 7075 8982 8606 3204 5857
6 9449 3729 7483 590 1923 9387
6 8719 4065 2693 5432 8467 9849
7 1695 7113 4853 3298 262 418 2138
2 943 4022
5 4048 5562 3252 5821 868
8 9864 1143 384 9509 1642 8411 7559 6492
7 7346 2541 1442 562 5461 1385 5175
4 8878 2751 6744 9601
6 311 3193 9579 3887 4310 9811
8 7196 8111 3635 1478 4339 5157 1150 1958
8 7379 4352 3161 613 6154 7676 5474 4298
8 39 816 2703 6988 3265 9454 3275 4348
11 4450 3767 7028 2154 9903 9146 9145 6693 1195 3860 8098
7 233 5919 8070 3229 7356 8569 3931
5 5317 6725 5900 2070 6934
5 7383 9372 9732 8870 4292
10 2343 4072 8828 2391 1219 9147 3134 4926 5731 1731
6 9702 9105 155 8113 3712 7024
6 1194 5679 5813 3359 3771 3688
6 6548 8441 1249 2035 3975 7393
6 3508 7930 3599 1306 148 5884
10 1776 5858 9130 1977 3785 6420 4275 3586 4473 5865
5 1433 5382 9862 6911 0
9 5437 8500 8822 7437 3465 6830 3797 5072 8384
8 6382 1775 6177 6104 1083 5544 1878 5538
3 5864 1439 1374
8 264 388 7476 6193 1285 1691 1887 980
6 3694 8819 332 6363 3347 1652
9 605 1849 5492 5506 756 6958 7590 2002 3517
12 854 5914 6855 3659 673 2849 2066 1708 9878 6895 7789 4795
5 6072 9567 3957 9573 9938
3 3163 5953 176
7 2112 5550 7835 548 2269 5950 1615
9 7314 3365 5215 259 3305 8295 8900 3492 8196
4 6207 6349 1931 9829
5 7373 578 143 2961 5646
8 2717 8599 7280 1991 7859 6995 7146 1378
7 1459 8595 3766 5327 6405 3903 5244
6 8038 9169 2968 5977 5439 6917
5 1206 8546 4810 1722 6302
4 881 2773 2806 6993
4 2298 1758 9854 9865
8 5721 2166 4892 2991 9578 1341 2664 3698
6 798 1744 2518 7235 4192 1087
7 6581 2715 9057 5046 2492 3431 8925
10 6740 5377 5589 1289 7354 3178 40 1006 5456 7166
6 549 984 1751 8048 9290 2273
8 9503 4559 5593 9663 6099 2818 818 4305
10 7329 6129 5997 4745 5138 3505 7996 5876 9123 3158
11 1037 9021 1548 1360 5258 995 5889 6311 8332 9931 1507
10 3557 693 2406 8476 7938 5591 9749 3214 3324 4996
7 3145 7671 3718 5676 2276 9794 6505
12 9011 2247 2522 7157 4640 6528 9739 4962 2294 9940 8365 302
9 8245 3330 5450 4500 1594 2689 4823 8331 9088
10 408 9231 2654 8051 2886 8216 5549 4820 3611 4766
9 9897 4950 9708 1096 8825 4040 3012 8540 8053
4 1586 6545 869 7017
4 8244 5988 948 1107
7 6362 1858 5772 8929 2491 7524 4142
3 8200 8319 5003
10 2735 8848 1819 1703 5505 3165 6760 2998 7904 1562
6 1736 5384 1094 2134 5467 1207
5 3311 2444 2310 3408 4432
6 1286 5436 195 5454 79 3349
11 584 933 3685 8181 600 1763 3996 5687 3504 8762 8948
4 1789 6514 8726 6775
9 4135 9867 3272 129 1851 2202 685 3914 9522
6 8239 4230 4936 4811 1304 8908
8 6913 3774 5570 2844 4683 7784 7391 231
10 6724 814 815 5634 1080 9660 6348 441 4747 5937
7 1721 2254 3805 251 2615 8885 2521
7 6692 3179 9206 7989 579 750 5669
13 2147 6474 4626 8469 7623 4191 631 7215 7822 9056 3662 2786 1558
5 4948 5426 1204 6226 9568
9 6462 8507 3452 9277 9331 6559 5198 3080 8712
10 9436 7139 7251 9069 4412 3523 78 5248 4662 4399
4 6365 8201 2579 6434
11 8793 3061 6320 7970 5216 1487 7350 4570 2488 8226 5493
9 6480 6314 2308 5604 6867 667 2905 5020 1653
7 4249 2710 3905 6617 5599 4281 7069
6 7528 1356 4054 7705 9024 3413
4 9985 1666 1408 7986
12 6825 9152 8437 42 9798 8132 5897 1793 784 5130 9117 4978
7 1269 723 6184 8279 1645 762 8893
7 7501 3852 1797 5637 4700 1095 7625
7 4144 2443 4333 7530 9253 1216 3630
12 3312 5475 1292 547 2827 2816 4600 4542 8685 1801 7696 2130
7 3515 5141 7863 466 4261 8641 1805
11 2777 7153 6174 8356 5098 7395 9058 8808 2628 1156 6439
8 2237 5062 1108 2749 9580 3853 2851 8046
8 6801 1 7068 9648 8082 5325 4929 7281
4 6914 3959 7450 6285
9 4058 7929 4480 7478 257 3337 6087 6010 6539
7 8102 1421 4465 576 962 3254 4886
5 9986 6509 8251 1726 5714
5 594 6384 421 2411 2038
5 7891 8667 2778 3402 7756
10 768 558 2858 5229 3595 690 269 4122 6063 729
5 9735 4836 5763 6494 8669
5 4802 35 5109 5494 1300
9 81 6385 8003 5989 3447 8156 9674 7649 1682
5 4523 2984 7411 454 3737
10 2649 8598 8291 1854 712 4931 6019 5753 1663 5647
6 6499 8815 8770 2848 170 4790
6 8679 7218 5463 9533 8430 5460
8 908 9880 8115 5896 5563 2499 8120 3984
12 5307 3828 9047 2155 4589 8240 2879 3526 8839 914 5312 392
12 9090 7319 8809 3995 8861 3180 1350 1526 6700 8100 9781 6944
7 7957 7359 1377 7059 8147 7133 8499
3 4127 9736 3857
6 3091 6032 2457 9351 4158 2450
8 789 928 189 6495 2047 9279 3046 1009
5 1040 4944 9949 6795 669
8 7771 3300 522 5401 5257 4991 6145 5376
3 8886 5084 7252
10 2944 9636 3440 1405 5144 8581 8913 6606 9417 4296
11 7088 6953 2739 5530 6100 8409 6256 6049 2819 9484 2145
8 5802 3502 7001 9876 3020 7568 1510 2090
6 5658 1390 2088 2394 7566 6127
8 249 8752 1728 3076 7831 6477 8083 6768
6 1821 7997 8704 2226 2876 336
11 5245 9055 7056 3235 3661 664 5749 831 9639 6258 1288
7 3733 3633 5664 8195 3927 5828 3286
7 2678 7204 1035 3792 9608 3723 2845
4 4419 6 1020 1230
8 2171 2122 822 6014 9791 1056 630 5850
8 3580 5934 7342 7651 3570 3327 3289 587
8 7438 9211 5221 9659 5949 2593 5895 7606
10 9100 2194 3832 3684 5044 7039 6626 6616 2820 6964
5 6245 2926 7011 748 9196
2 8718 5973
7 2191 4572 5484 2092 4231 8275 4846
11 7711 6786 3655 5320 7898 5842 5531 9259 7878 8137 8501
7 8632 6397 6432 4218 4220 6889 7228
6 486 3836 4269 8202 8971 7611
7 6222 9788 2811 3652 8078 1894 432
8 2981 8946 4363 7917 2300 5225 7374 5149
4 8568 5294 4599 7742
4 946 7084 4145 6278
4 2582 3749 6933 9172
11 2359 3864 8998 5912 7964 9399 1366 9067 3644 3612 6524
10 905 4175 4212 5551 8468 4 2243 2750 2165 6828
7 5260 4165 8276 362 8523 7410 5471
9 6560 2612 1413 2494 3423 6007 1025 2597 7603
9 8373 7071 9126 5346 3256 8265 220 2255 8700
6 6197 5733 6588 7096 5 5173
5 4470 4691 322 8349 9380
2 4320 5190
8 5169 2589 288 5811 8452 7460 2914 5697
14 6150 2056 4629 698 3926 2416 2744 3868 134 4517 755 9220 1636 8934
11 211 9444 5447 2331 238 538 1274 8503 9025 8921 6390
7 8661 2977 8702 5754 101 8154 9766
11 9920 2110 4654 299 8790 1258 3730 994 3934 5273 2862
5 7662 6564 7042 9677 7405
5 8080 9644 1093 2540 1898
4 3742 7733 7615 4338
6 3689 9301 7337 9296 1088 4614
8 4255 7214 1476 5928 6661 3484 4925 9532
2 6060 5575
4 8565 8278 5688 836
11 3650 2769 7497 5762 242 860 2933 3198 5176 3558 1948
10 6907 8348 5250 5080 2454 5462 9792 5588 2755 2764
10 2881 6262 9519 4998 5202 6158 6994 1277 7539 2363
7 3739 8464 7560 9780 6322 4716 226
4 9840 4844 3259 7509
6 379 694 5102 5833 8058 7036
7 7176 9596 9960 3503 6632 707 7918
10 5711 7610 879 6614 3911 5408 4556 3514 790 4545
7 7020 977 430 4267 9834 3264 8377
4 2812 2698 8221 8923
6 8173 6541 5121 1868 6281 7058
8 3566 5295 4029 4005 9624 3728 1343 6702
7 6319 1119 5103 7734 9221 796 464
13 8073 1325 33 420 3125 9467 8626 5364 5051 13 108 8939 8789
10 8458 313 5684 6921 105 2173 167 8423 9990 770
11 7536 4899 3525 9541 5321 1367 3791 1982 73 6690 1662
8 5164 8065 5785 1788 828 5616 2873 6342
7 3890 1847 6315 3014 1575 2880 2358
8 7815 8663 6157 6594 3835 4364 3043 5063
3 3090 9329 2704
4 4939 1021 2840 9476
10 9289 2128 1990 5639 7427 8879 6470 3687 8959 6339
9 8028 9462 8646 6820 7658 5365 4568 2251 9404
4 2768 2004 1705 2223
7 8189 687 1155 8525 6350 2326 4129
8 6124 3248 9428 31 4735 7842 9097 263
7 3257 7328 929 727 367 6170 8443
6 1560 1554 3837 6260 9637 325
6 3986 5223 7577 8249 2897 3665
8 9817 137 8343 7052 8888 8607 3279 5960
