11 466 8098 9022 8882 5503 2965 4904 2526 9062 8636 6075
5 4032 7533 6903 4170 4316
8 516 8132 8821 5246 4071 9142 700 9812
1 9307
3 2634 1032 5974
17 5956 1356 642 8733 8486 1760 9656 9081 1814 7749 4886 6626 3290 8563 4992 3493 7804
7 3171 3749 6235 1310 6691 473 5171
3 2953 3386 8228
9 6215 1409 9422 3404 6041 3276 8879 8068 9222
3 9389 7718 7492
20 4243 2033 9167 4041 3249 1865 8789 4423 497 8364 4297 7479 9992 9582 4639 5641 6818 7272 4426 1557
13 8982 1726 912 6053 148 3078 5594 7731 3351 6290 5674 2687 4087
21 1215 3981 8878 4293 9574 8913 5459 2540 9798 7716 7019 3417 553 7308 8416 956 7633 1507 7447 5131 4806
14 1073 9669 7685 4726 9036 4793 1201 5739 6325 2147 3088 5628 3802 1570
4 5629 7601 7502 2890
6 281 5762 3080 8785 4581 6506
10 987 8028 8050 8127 7287 1798 4030 5467 8395 7830
9 1724 4485 1500 4984 1344 9782 7277 5016 9988
11 3578 2101 1051 4780 8030 1078 5573 6312 4418 6012 7648
13 5964 8593 8352 1428 8476 4105 1098 1982 4985 455 8340 167 3458
10 3358 720 3816 5432 9562 856 6806 7756 5601 7090
9 2135 9095 8752 2576 1665 5631 4805 9266 6610
5 224 1669 4831 2077 4606
9 6190 2012 7450 9403 1601 4270 9843 1156 5882
6 1743 188 1180 7886 2711 5346
11 6284 2341 9713 6840 5870 3741 1001 4225 610 3673 9486
15 2742 892 4573 9561 5548 9122 9965 231 5053 6402 7998 1552 7007 3114 706
10 6071 9597 5776 29 9474 8835 9357 2623 6938 2985
10 1126 3962 5774 3008 942 7780 8778 4402 2702 1831
6 9025 9225 7800 3593 3201 4678
3 2893 7856 8311
5 347 6865 9556 1396 9890
18 5304 2982 6512 9085 6649 9379 4937 8632 2139 4375 4541 4981 2106 5198 832 4976 2191 6614
9 9545 5515 7553 7706 4097 2936 9328 6752 4302
6 477 9072 6157 3625 4964 499
4 3508 9038 3107 2313
7 9488 3427 8729 5715 5865 6465 6906
22 813 9149 7225 9587 947 921 1625 2453 4908 9898 9 3041 9156 4075 5955 5002 8007 2834 7058 6083 8231 2244
4 6492 218 1868 1875
5 1366 4039 900 2403 2827
11 6280 8775 7164 5345 4929 3829 4044 6696 4036 6321 4458
4 6055 5285 5339 8899
11 6727 4533 4139 6833 7687 6204 454 1237 2661 7615 7927
13 1357 9962 9381 8777 2831 5440 1560 4258 8339 2783 3794 9153 2970
15 5028 4822 2872 7196 2510 648 3790 2569 6320 2542 103 5360 5479 4696 3762
12 8489 3723 3397 3505 9539 6577 4155 2450 277 2599 3884 7526
6 7956 2034 2234 8932 3228 6573
4 7163 9991 9187 7649
7 7694 8862 8027 243 8312 7559 3470
8 8273 5196 9018 2129 4921 4778 4916 1296
14 4776 9871 7499 6812 8735 2110 6975 2984 9790 2886 2384 5861 5492 9914
5 6224 8175 566 1946 6246
5 283 4419 8865 4978 3029
7 5280 830 3530 3369 9558 1436 9427
13 5827 7727 463 7302 2572 3161 7191 3624 5054 5627 7103 4504 2465
12 6509 495 7143 8427 6503 1478 6598 757 1616 8184 1376 203
16 5477 5428 5038 1023 6957 3548 3658 2737 1619 1352 420 96 317 636 5750 8306
8 9715 8462 7473 4282 2668 2992 6020 4013
8 7190 2771 7361 3963 6038 3839 8363 5453
5 4064 9841 1216 4140 3313
7 5705 3587 2467 3444 7537 2824 6958
13 9236 6019 6662 1767 4008 3589 2488 8803 6295 2410 9894 64 6495
9 3032 3883 5221 2925 2161 9548 3670 1870 1647
7 9813 2115 6619 683 6596 5849 5909
3 6304 9958 3767
7 9233 5335 9543 3060 2810 3946 442
14 8983 584 3574 1752 2828 9570 1813 3565 3592 3089 4383 3410 8267 5727
4 2245 9510 3327 3186
2 98 2182
10 8680 959 5702 3871 5386 7005 5273 3903 3610 4066
8 5298 2885 577 2530 7530 8444 1375 9393
4 4694 6974 9941 2288
4 853 1381 3141 5193
9 39 2002 77 5729 3210 2565 9918 5088 5994
6 8143 8469 5228 5265 7542 7368
5 4029 7608 1808 2480 7443
11 851 1528 5319 5970 9740 8286 5777 8219 7380 3318 1797
13 8101 9550 6603 2883 1479 3910 8921 3727 1448 7165 6467 9200 3284
6 3237 4570 6639 5262 4410 5418
7 8976 7221 7885 9769 1252 8990 4537
11 1624 5195 8890 2199 8287 7397 3728 4337 8805 311 233
8 9026 4339 6286 7230 8482 4623 2282 7928
20 9184 4134 2977 4815 2015 175 1166 5468 6583 9721 1636 5092 7061 1413 7424 316 2168 8032 6080 67
10 6754 2598 1996 9195 8236 8407 7342 3224 4749 519
7 4940 7115 8266 6331 8317 2518 8188
1 7364
7 8809 4121 8797 7433 5426 7688 3579
14 5651 7645 8003 1891 3577 8895 1939 7169 6358 1209 8140 2071 3012 2604
9 1285 8302 7611 9535 6048 5105 6413 5151 4834
17 1566 3453 7570 9644 9679 4197 7754 7222 9282 3346 4642 3130 920 6567 9434 9796 7137
15 4446 1029 2133 9779 1011 3263 2848 5639 2206 4556 8763 9701 5014 3758 4393
5 7945 2901 266 954 3861
9 105 7702 4099 1522 8381 550 8741 7232 4866
6 6595 8218 3970 5122 711 41
15 5816 6378 1886 5929 1385 7452 916 7100 2502 7041 6180 1241 213 9658 997
11 3668 9098 6921 1027 3253 8124 2527 6842 8041 9572 5857
23 9177 9489 669 4706 1997 9211 8704 6058 9250 948 3234 5359 9762 4942 3377 428 9052 2281 6898 9565 6222 1222 3066
11 772 3768 3111 5100 4701 1902 3663 7634 7400 9837 2047
6 7560 5364 4386 5050 4821 5420
3 3090 6249 2388
11 6428 5305 2184 4407 4627 5717 5232 6552 7964 4544 9087
7 6771 5605 383 5438 68 8618 4955
2 7774 155
5 8825 8151 1377 2174 5216
6 4845 9188 8810 4268 4332 7326
7 5294 630 2379 9838 4752 1698 622
6 1809 5560 8479 1181 6216 5659
9 288 2014 3956 8791 8422 5112 7329 3348 5250
10 2401 3138 8450 9309 3315 7713 4216 1680 4673 968
13 7393 3930 4050 4552 1940 1028 6231 5363 1694 8327 9525 7776 4463
6 3980 9860 9161 5191 1339 310
8 5536 2795 3711 8096 2778 560 2767 9575
3 3155 85 5401
10 8342 8682 4442 604 7441 779 6858 2391 9152 9830
7 5034 6633 7399 5714 7631 570 7834
12 2198 796 158 4499 5026 9605 7894 9954 9776 1596 4907 4795
14 5379 7257 6624 3866 6637 3597 7734 5271 8726 2656 2929 6198 465 6303
11 7064 3591 9948 4721 3381 4672 9564 7009 5676 346 4872
7 207 748 491 119 1143 2487 1289
4 6525 5452 5987 4818
11 9766 7666 6333 7398 8933 3544 4358 8876 2504 8845 1981
3 5696 8887 2382
12 2190 3919 9201 9332 1046 4777 9431 6133 5799 4185 1723 9369
12 1628 4979 4608 5896 6725 9046 2781 89 1978 258 1640 9874
7 3115 9348 1010 6442 202 9521 3268
7 1519 5317 9873 3208 4724 8788 9694
12 1454 4943 2868 9003 887 4326 1758 7105 9040 1182 2474 7918
11 6186 5283 652 3011 1326 4516 260 3696 9799 4301 5079
11 6932 2292 4222 2484 8948 9819 836 4959 1057 8187 3560
14 6387 2945 638 3525 4670 4560 4434 2560 1598 1312 2096 7597 722 2899
16 4613 3743 4172 6916 2263 6600 1493 6343 4112 5596 3036 9627 2573 8979 7021 1706
9 8995 2997 2657 2731 4004 3333 9354 3042 1298
6 4774 2523 8631 3684 7267 1643
19 9029 9519 4564 8555 8812 5114 3235 9301 7968 2025 3971 2543 9663 8346 3651 7953 9219 72 1737
12 9964 8684 6526 3821 3993 9505 936 7001 1077 9228 6141 8941
8 3081 2094 5568 2349 1653 9043 2195 839
8 6635 7119 5042 4994 1188 7665 986 8965
9 5327 249 3713 5783 1020 9633 9317 7348 2820
7 5760 2235 1682 547 768 3685 1766
8 5728 2844 4515 3422 400 4237 2103 3734
5 1718 2716 5163 6830 8799
14 3181 2260 5554 1850 7030 4532 2910 2850 5449 6310 1407 2478 4408 1420
4 5173 6563 4171 817
12 2931 433 5583 1488 1756 5678 483 8426 5559 7471 147 8191
10 9347 8497 8633 9566 8605 6018 5116 3911 4312 6072
7 6935 6824 2119 7806 7775 276 129
9 4572 17 9402 8594 3345 565 869 4901 6910
11 9214 2426 6490 8744 9318 889 9668 7528 5965 1064 4635
4 5910 8723 7899 2933
11 3906 673 1549 7732 8148 6679 1525 5612 5340 7555 595
17 1749 8702 614 7056 8984 2525 7455 9753 6032 5905 4502 1620 4315 2776 9653 6787 3617
5 567 5061 6480 7467 7234
9 6555 7701 2068 9645 121 2641 2289 1611 9687
11 4980 4405 7051 8374 2514 4903 598 3378 9695 2358 6066
18 373 693 4638 6230 9083 9151 5869 1859 5582 8409 7174 841 7659 2067 6717 9173 4076 9287
7 3179 540 2461 5284 6986 7869 9736
8 2581 4833 2932 8229 9802 8600 5825 9104
10 5089 1263 9164 5039 7403 763 2585 6995 2630 3671
10 6699 7042 7168 3002 1739 4653 2170 5640 943 3367
5 5178 9251 7963 9900 1974
4 1788 5019 9255 5666
8 4529 6208 2122 4651 5361 6644 9818 8264
11 4194 7986 4535 6108 4779 4461 6152 4767 4864 1830 3452
15 9267 8245 3791 522 955 5817 2680 1957 3101 2801 8703 6433 7534 1530 1759
14 5201 247 9412 3000 4600 9708 8939 1894 4119 7582 9404 5891 8670 7332
7 2520 4058 3242 7724 8584 4748 1231
3 9891 2681 8509
6 1562 4873 9091 3370 5211 9088
14 1787 190 369 8503 5893 1714 388 4561 732 3576 2246 7194 3436 4611
11 2347 6270 8156 8332 616 7678 1402 7908 3875 6469 7237
6 5513 4264 5561 3457 2143 8481
4 2974 5736 8693 6405
9 1044 1388 3649 5491 6810 9603 3347 5806 381
15 238 5737 6111 7328 5868 6925 8596 1955 1341 8770 6517 5200 476 9760 5185
6 6751 6832 2481 7947 5478 5365
15 8643 3692 6398 3994 7949 617 6534 9680 1019 2972 6223 3149 5184 6393 8121
8 7109 2276 9432 7967 5328 174 419 2924
10 3045 8507 6371 6907 7430 4742 4318 9724 9101 7993
6 2099 298 6473 8828 5649 5485
7 4899 8738 5749 6522 4594 9001 2916
18 668 4366 7243 7573 714 5057 9654 4616 2662 7850 6904 539 9909 7217 4919 1908 7167 7863
3 9512 6804 8749
5 361 1391 5698 9700 1532
6 9380 7407 5610 7162 2571 3325
13 4788 2066 9311 195 3594 7046 4440 7192 8373 9193 1397 2725 2469
9 8755 3441 3289 3782 3487 1977 5275 1661 1154
5 8243 5470 1505 3772 6494
16 8901 7476 4769 5609 5634 7279 4547 3527 5781 5145 7575 1623 3044 458 9803 9892
7 8095 9239 4682 8978 2858 5991 7010
12 5788 6782 7938 730 3142 4047 6881 5542 1551 1403 1223 5007
6 4067 8180 7997 7562 7819 5458
5 9536 6652 7735 581 6627
8 650 8491 9650 4355 3672 9916 1425 9102
16 1630 7336 1450 2278 9245 1704 5190 9094 4306 5722 8874 2912 3535 8888 1433 9248
14 4016 9498 1481 1465 2366 8813 8548 3329 603 2419 7567 6533 6755 2470
7 4074 4490 4327 8370 2355 7 7207
5 6002 6142 8720 4664 7322
15 2826 2607 3368 3661 9162 4259 1820 623 4722 865 4482 818 9601 5529 9212
11 4812 149 5158 9987 2806 5496 4356 1693 9768 1960 7324
6 8701 8894 6415 1645 7246 3232
10 701 6460 3300 9673 9726 7738 7106 1229 8009 7527
6 799 8310 9310 44 75 1085
9 9642 7250 282 9361 4344 287 6556 8077 239
13 7675 1328 7363 4438 9433 6542 2011 6682 2238 1390 3354 63 9106
7 7006 914 8619 1991 8699 4659 8115
9 1575 8410 8626 9118 1851 7891 901 5399 8415
6 7934 518 3071 9618 8263 5388
12 7877 2665 290 7107 8299 5795 3655 8768 1329 1805 3173 2991
8 7750 9190 5986 9847 9411 1053 8465 4480
6 8150 5621 4771 5916 3641 2421
5 160 974 2907 8816 6435
5 3353 5633 3207 2670 1648
16 3534 9609 4240 5648 9590 8075 5981 5924 8792 4881 7003 9514 1495 6155 6504 3135
15 2871 4367 6617 8528 4348 2915 4272 5952 3298 6361 4152 9967 1137 5387 820
22 4737 6802 7179 6337 1287 8971 8196 6476 1220 1072 6234 6298 5615 6661 5423 4550 6150 7271 5027 3582 7540 9482
8 9114 3840 4012 354 2155 5808 984 3421
6 8067 1696 3004 1878 8259 2436
15 2017 3222 2054 9051 7717 3157 618 4380 1441 8179 1083 320 9795 5486 7600
7 5619 6750 569 6076 6327 9418 5878
23 3639 6120 2887 8936 3968 5422 6642 9342 8336 9487 6697 1277 8872 3979 6228 9881 3851 739 9850 5180 6513 3335 6119
12 2947 1731 7089 5506 2544 4732 6794 9437 653 390 6349 7208
5 6976 9946 3555 4182 3989
5 3073 852 2494 5555 666
15 2362 6867 47 1422 8211 7910 2981 2802 3260 2648 9410 2592 9323 4546 8500
6 5084 3394 6040 5392 2692 3951
1 7796
12 3178 6132 9013 3704 6762 7195 1293 7490 2216 4309 4026 9905
11 2363 3287 5464 3438 8574 3216 3858 4849 8225 7690 1710
13 862 8611 9551 5233 3197 3400 3373 4759 269 246 5644 3850 733
2 4287 7417
5 4320 2942 1503 6090 9123
8 9329 2153 8 1212 6951 4962 1764 8855
12 5199 2411 2070 951 978 6530 6471 4577 4189 3361 2586 3766
6 1178 543 4037 8402 2900 5403
14 3615 3922 240 2591 8431 208 8081 1217 2140 7422 6271 736 9928 0
10 7495 6098 88 9467 7312 3808 764 6010 1881 7569
8 5507 2590 649 1071 771 2498 3777 1811
9 9808 4420 2132 555 7966 3690 6279 928 8054
8 6388 6636 664 6194 9163 8029 8013 4689
11 5798 3461 335 9388 3687 1244 3267 7509 3948 6589 7674
10 8717 9540 1102 5586 5291 3495 3721 3842 2137 4347
20 6747 6788 6893 8586 821 907 4090 2210 1728 4996 2309 3789 3243 1671 919 7669 3642 7023 6908 4758
9 9480 364 8135 2437 2757 9707 4775 3740 4188
12 7227 5098 4365 9641 572 4160 3140 315 5257 2791 199 7299
18 7888 3108 7816 7881 5510 4000 6981 5073 3074 1128 1136 4428 5874 9338 6363 7140 9696 9523
15 2524 6478 2006 2904 2081 9031 8133 5192 6139 6669 5463 8748 8449 7011 9497
16 1942 3551 8328 1122 4291 4117 8458 1801 7343 8622 4882 459 1292 7576 6864 2978
12 3750 217 396 5527 8110 4351 1845 6998 1540 8761 4579 647
16 6409 5720 9170 5276 3226 8795 8195 7623 4219 7957 8341 6764 4963 7427 7987 2020
4 9086 2611 2594 6493
12 6256 7976 1615 3182 7517 4883 6799 6673 9735 8494 4936 6756
7 692 4707 3916 5500 2323 2691 4069
6 2003 6390 2074 8877 7620 615
22 4718 5301 999 2660 8977 8908 4470 8393 7664 5402 8999 7605 8534 172 2685 8583 8085 861 3147 8256 1018 488
14 7662 5826 7545 5203 7977 1550 8784 8308 5787 5330 993 99 2755 9684
9 5671 6432 7794 3359 7996 3134 4242 6131 3072
5 3303 6659 891 7652 6827
14 9674 5742 5206 7083 8261 3165 9358 7788 389 9300 4476 8163 1591 1529
10 4130 7045 8119 3699 7566 1307 4540 4474 7820 1127
11 6296 9698 5578 9016 4820 9423 4010 8910 5508 6169 9823
5 8569 583 5093 6252 2980
4 1303 8485 6781 969
8 6568 9406 5411 2938 265 9974 9706 4757
17 5134 2535 5288 6648 6289 3219 8277 8859 2814 4199 1342 45 2159 8459 607 1840 5842
10 9919 4248 8002 5968 4711 2177 6264 4695 5754 5575
12 9930 8780 5526 3746 7682 3062 4063 7313 3124 8692 8776 6207
10 4785 1360 145 3738 2236 5117 2879 6954 1250 7349
13 5244 9805 2619 9748 3637 8100 5177 7079 5546 5966 1290 6964 4895
10 2574 933 1322 9339 7593 2239 7692 2160 529 6980
11 8996 7672 7333 8589 7538 8602 9758 4089 6982 7903 8856
4 1668 2638 6713 5885
6 1594 1846 1954 6192 3891 2120
13 8558 2428 4283 7822 1877 7359 7362 1194 3279 8580 8265 2113 2547
5 1359 2269 6730 7149 780
5 9462 4278 3742 8807 3810
11 9237 7339 5110 5521 4591 8695 8357 1350 8962 123 7310
5 6263 7508 1367 1130 4275
10 92 2902 1497 7268 2489 8900 7151 8820 7376 4334
9 758 4115 6689 7827 8387 4261 8280 5135 3512
5 8174 1779 1177 2654 563
7 8794 4867 2389 4459 503 5517 3067
8 9578 1712 2784 467 6546 6937 3153 3424
10 2736 441 8640 8601 6956 2007 2505 5848 5723 2018
7 8065 1538 2956 1485 6109 6831 8766
23 9055 5692 4200 3026 526 5585 1874 4846 4421 8543 8918 7297 5375 4002 1405 4025 5165 7382 3606 6786 7950 7736 4100
6 4753 7753 2688 4632 9113 694
10 5689 3241 2549 9683 2013 5623 9269 447 4166 6913
13 9409 2374 1930 5577 9166 4017 117 8167 3557 3184 7223 4054 4359
5 7948 759 7063 556 9604
11 4208 3099 2116 1380 1419 9503 4680 8404 7260 1193 2563
7 3939 7921 558 7751 162 7777 1408
13 5815 4860 1916 9363 7218 5429 8160 3575 3213 6214 115 2440 6414
13 8728 2751 2449 7715 1727 5915 600 876 3094 2643 9150 7463 9959
18 5802 5998 6060 5574 3566 2390 6218 5367 2856 3848 7961 4526 2873 5499 9144 1514 8338 4583
14 7867 8526 6487 8782 7485 8591 120 8542 3724 1025 609 9082 1228 53
10 4305 917 7211 9580 6734 4923 1962 3960 5058 4644
10 9893 2472 9134 7926 3259 3853 1577 7153 2677 221
5 4731 212 291 5108 4021
16 2948 5179 2511 5624 4604 2093 5949 8169 1206 3868 6677 5811 781 7215 5006 7767
8 1079 9116 6664 2257 9171 1778 9977 225
18 5081 5620 66 7263 4381 5354 6306 138 5516 2300 793 2078 5040 2024 1595 5476 4340 5957
13 3496 9857 4323 2833 2201 5021 6054 2441 3990 3620 253 7613 8379
15 130 2721 3583 3898 1030 6796 1613 4176 8676 5653 4938 5982 2516 5347 4884
18 7782 7668 8655 193 9108 8772 1227 5066 7618 4508 5404 1900 7270 4862 6011 8423 4416 5254
9 5064 5655 2807 2158 6193 6909 4735 4307 4414
9 3412 9781 4727 8751 8084 450 819 9875 6173
4 2690 3375 3870 9588
9 301 321 2934 1174 3288 2891 721 7905 3275
12 6046 18 2712 5928 7425 9716 7432 6177 2609 5269 6604 9638
20 639 6560 1729 743 9849 9231 5973 7779 8000 2252 4746 493 8117 8823 2804 7676 1308 7752 9622 8732
8 7284 8597 1732 4755 8712 4690 3007 313
4 6106 5287 5733 7456
9 7159 6828 8840 9659 9071 5813 8468 2217 9530
16 4253 8802 6104 7951 7922 5532 205 674 6233 9074 4998 1152 4536 1007 7413 2483
15 4566 9910 8647 5587 2058 422 7612 7980 4832 4574 8924 9903 9586 9677 1062
15 6324 7240 9972 551 2960 4027 164 4663 2444 3296 3065 7224 1508 1347 2125
13 7309 6856 2275 2448 7086 1672 5761 776 5141 8781 1280 3170 8471
13 3928 3988 1517 7765 2342 811 4926 827 1415 5961 4783 5349 7155
13 2337 4713 9374 5708 3626 7498 640 7301 6360 1099 5289 9320 1074
11 9439 2499 7214 6905 5789 1961 3933 5065 2531 7013 2178
6 5242 6070 7655 1213 8001 2975
14 6690 2307 5431 2102 186 8173 2407 7839 2786 1006 8727 1938 2809 3095
7 91 7875 3252 8307 9004 7513 3787
9 2667 9247 3913 750 1204 7762 3039 8964 9147
4 4350 5770 8909 7937
6 1254 541 990 7341 8443 2952
6 7740 4257 5049 8295 1050 2507
9 676 6221 1337 294 3940 5618 2406 4202 9367
10 9537 5740 2105 6960 3573 4094 1270 8061 2636 4360
3 439 192 6575
10 7739 7410 6702 7557 8429 7705 2370 7865 8629 7783
14 4404 6825 1203 3590 2614 8573 8353 7583 1691 4628 1003 8201 5944 2700
9 5913 5933 3406 3633 6572 9131 8645 2301 6438
8 7719 8742 9069 9368 8571 411 5310 5385
21 4173 5592 829 6684 1045 2652 5997 9011 5747 4819 4387 8745 1043 6146 3200 3857 8722 7146 1909 3836 2154
17 8464 423 1281 5350 970 4343 1776 3055 3609 7621 1905 4411 6761 8103 3876 6266 6394
10 2035 716 351 1582 7072 1395 2157 8405 4800 2646
15 9416 4868 5748 5462 8113 6515 118 963 6466 2780 7504 8889 9969 5547 52
8 1684 930 824 7920 244 7331 9856 5895
19 201 3294 4196 5241 5336 1196 2354 6544 1323 2519 8044 5156 5245 9705 4530 6875 5875 8852 2551
10 3193 6582 5867 9080 7394 5897 602 9435 3084 9983
3 3864 1120 3399
9 8289 885 5029 6147 4444 2037 1121 1817 3491
7 2874 5871 4338 9109 2513 5017 4454
10 9475 717 3869 9296 4974 9386 2404 3856 7975 4088
14 2069 2424 9727 3120 8205 6057 3932 5102 8322 5995 1271 3158 517 8804
13 2837 8082 9789 2038 2761 6364 6110 2718 1279 4385 5988 3194 4431
9 2434 5996 2537 6843 633 5934 414 7864 7525
14 883 8137 1992 6499 3838 1834 5338 4971 8099 2142 4640 9204 9682 6545
3 588 4576 5537
