500
0 9670 4294 6022 6740 1070 798 3989 6353 2017 323 6160 7177
1 9624 1902 8109 8387 8400 8871 9720 9292 9327 9593 1552 1115 7543 6115 2107
2 8767 5059 5420 9791 1908 7752 5909 2290 2852 2979
3 2289 4750 8008 2669 9565 7225 2764 4457 1365 8462 3983 4835 3852
4 2445 1905 442 4304 7600 4130 6017 8152
5 1330 144 7330 1629 4994 1407 6054 9411 2603 1147
6 1257 1614 4994 5620 7909 2003 964 4709 1576 5235 4672
7 5450 7224 8019 639 889 7930 9728 1842 6640 3273 4115
8 6278 9712 3749 2799 2421 7307 9763 8358 5558 5429 1319 8427
9 3808 2083 4148 7255 3383 612 9037 8493 4240 798 5342
10 6059 5840 9897 342 2055 8992 2694 5755 8938 9316
11 1623 5481 9417 3128 3015 7317 5085 163 3555 2930 8944 6956
12 2125 7299 3774 7186 8483 2676 4577 2551 503 6824
13 4178 8523 9209 4264 9352 5686 3048 4544 8969 9525 1 7660
14 1100 3118 3766 9079 3111 7208 2190 7751 3349 9037 5615 300 3885 5306
15 390 4925 2606 7136 883 5787 3456 6706 4693 8305 5692
16 3978 4995 9226 7620 6969 4814 9897 5365
17 5144 652 6494 958 2326 8389 1854 2789 3797 413
18 4218 569 147 4927 3288 8742 3163 3722 5023 407
19 7463 7745 815 764 5592 9068 22 6941 7843 4663
20 3676 1020 1939 5511 5102 3125 5947 8219 827 1845 9746
21 2684 4293 8864 9330 8911 6368 2127 7786 3279 1323 9139 5211 5607
22 9544 3840 9749 7294 3039 3585 1818 8177 7904 7271 9279
23 3394 2800 9123 3144 3712 8209 7010 7468 2032 4510
24 6780 2370 359 4903 7323 2005 7234 2138 2527 1803 8435 8198
25 3822 2779 5481 2031 8375 8392 5188 1670 2621 1054 6130 8390 7874
26 212 6139 578 4223 8428 8113 6642 1075 410 6893 8388 5780 5387 6476 2134 2341
27 4214 2515 2194 2900 480 3594 7852 5365 6015 8240 9812 9262 4750
28 2401 7353 8566 453 3716 4655 3256 1648 7686 1460
29 6652 7616 7416 3920 757 6057 7942 7155 7459 2736 5166 7742 6127 6765
30 8799 5857 8927 2787 8937 5158 153 1555 3947 7641 2553 9256
31 8272 2465 9377 3194 6085 6796 1218 4721 1042 9189
32 1175 3314 1248 2846 5156 4627 4613 6830 1481 8637 2049 6030 7263 7197 2596
33 4171 5469 4875 9508 3275 6766 9238 7415 1308 5865 3293
34 7907 5214 4988 66 4195 168 6397 8863 147 1475 1646
35 1010 1416 7383 7927 6607 3959 7553 451
36 2950 6573 712 8890 8864 9507 8069 1298 5007 9691 7508
37 562 8076 2424 9694 8037 8973 6039 7415 7695 6896
38 4588 3146 8285 4974 3807 3701 4004 7249 3761 7635 9003
39 9269 792 3588 9154 3043 5097 8899 5948 514 3888 3772 7020 8162 7632
40 221 6253 6053 2698 129 3064 2138 3339 5907 2297 3804 8544 7162 2911
41 6328 2764 7925 5943 1877 3286 344 9735 5292 2059
42 4339 4752 9096 8027 9220 2680 8342 380 5988 4405 8197
43 4210 4703 7026 9420 9574 4578 6832 7963 9021
44 3850 374 20 7790 7231 5825 9729 3112 6381 4445
45 6764 9098 9602 691 1059 6028 7965 7089 8685 5075 5210 1647 2150 1792
46 7351 1496 8422 1946 5697 6459 4358 8866 3261 7560 2951 598 9423
47 6155 7792 3532 6909 1496 5144 4071 7713 9326 5595 5737 6894 9415
48 3438 1544 6414 2018 7611 5440 3678 4172 1958 3987 1356
49 9566 3077 5342 2571 1420 3277 359 6471 311 7299 5525
50 8850 349 7358 4907 9437 1685 1600 6052 7873 8558
51 874 7373 7360 9607 1320 7835 9852 3526 2829 4779 5333 91
52 7663 3749 3518 7787 7472 3531 3979 5739 3528 9458
53 9247 9397 610 4031 2583 5320 3 2684 8559 1755 150
54 4115 5925 8075 6851 9691 7791 5929 8230 6659 7069 6990 8049 4541 8342
55 2544 4735 5594 8122 319 8881 3921 1776 1339 6035 2790 6997 1281 3973
56 7463 7309 4642 6468 7748 8274 2688 3859
57 3910 2292 297 2279 59 2907 5140 2960 2602 9596
58 6031 6413 3068 2251 3765 5109 8979 9209
59 6317 5093 3531 9238 5321 8295 2867 9668 4999 5522
60 2886 1306 1098 5934 6507 3778 4278 1316 8344 4607
61 5956 7874 7718 1600 580 7253 5862 4097 7801 6577
62 2476 8850 6019 5093 2754 5310 9460 9597
63 5866 5133 5179 7569 7547 1304 8550 3518 5751 1917 3498
64 4772 7339 2062 3407 835 4215 3348 5220 9320
65 8013 2338 7680 3997 8997 2291 7913 9317
66 9298 5625 3130 6343 7605 8075 1099 8399 3942 2426 2077
67 2275 5105 1137 1361 4801 4610 3325 6367 2093 8202 214 7103 4686 4031
68 884 8617 1059 2361 2233 8023 4757 4150 1468 6150 7099 9912
69 6364 5362 8909 5675 8093 6928 3002 917 2144 7198 8605 1945
70 5523 8211 568 7740 2992 7949 4825 3668 4295 6653 3322
71 1716 6823 6050 9802 8718 2711 9520 1933 2138 352 8898
72 4736 8555 5533 1026 5687 1107 2173 7912 591 6202 6376 2124
73 5390 1202 6397 2712 8056 2256 1199 78 8858 6653 9155
74 3760 1277 5728 7530 7347 3746 6119 7914 5863 9403 4262
75 1105 5562 1161 9199 6631 8140 1210 9621 3420 5235 2475 4174 6258 1754
76 4340 670 8140 3891 3624 9784 3076 861 7010 1992 4865 5862
77 2575 2996 7993 8682 7022 2442 6250 5692 5258 8135
78 1689 9052 6518 5081 7963 3058 3737 653
79 9094 8595 647 3153 4629 8827 9451 2144 7308 2442 969 2828 7205 2004 3505
80 8958 5065 5994 9722 7560 1895 6191 9067 8893 2181 2856 6241
81 3955 5374 3827 6630 4667 5409 5251 9742 9167 2983 4589 2186 9619 3632 7840 7456 6258
82 2594 5503 2593 5159 196 9315 9749 8758 953 5901
83 5163 1826 1180 5785 2041 5630 992 3465 8794 9064 707 8158 5818 8746 865
84 779 2722 3026 1924 9317 7784 4786 8208 5296
85 9810 6415 9203 6455 1656 6516 2504 4797 4064
86 2015 1288 3360 4339 8041 7697 6526 5231 6292
87 6893 8257 6670 6323 7157 7418 1600 5584 4136 3249 7480 8646 7086
88 1935 1962 1590 3211 694 5972 3501 9885 9791 8460 2491 2469 7321
89 4558 9067 9079 9856 9274 7144 3926 4675 9376 3340
90 7233 1649 9566 6964 2434 7044 9388 4622 6342 7718 2687 5503
91 7510 4225 8831 5690 3723 4291 8984 624 3193 7522
92 9967 8481 9248 9466 8935 8298 1034 8827 958 7495 5850
93 2858 5332 3537 8923 4128 8501 8758 2272 5548 9428 8965 8781
94 6076 2225 6227 1963 2224 6253 6258 7362 7567
95 2658 7870 7741 3746 3415 3787 4186 794
96 9768 9820 6611 1757 3288 2044 7552 7641 4431 2638 5789 4714
97 5679 891 2804 6917 3416 3727 4572 8952 2934 4380 1793
98 93 3484 4370 8808 847 5880 8738 4891 2082 8131 1343
99 2560 9350 2730 8469 2417 9129 1111 8464 7797 9867
100 8443 3693 1431 5430 740 4134 6492 6626 7685 2013 6963
101 7152 2973 5920 4326 2157 9184 457 3959 4224 6573 6594 4684
102 524 2707 2169 4088 3785 4761 7482 8566 3097 1639 2545 4985
103 4662 4508 3928 6471 5152 1151 5007 7770 4474 1066
104 757 9457 1220 6055 312 20 3977 6154 155 7425 8234 6840
105 4284 3841 7713 7134 4728 1445 3059 5714 1972 3501 738 4888 8085 7690
106 2515 2818 4671 9550 2067 8216 5611 5179 5795
107 3311 5326 3745 8739 2903 8625 7239 6426 9588 6269
108 9194 6565 5338 293 720 1239 676 8872 3602 4461
109 1927 9510 2981 8542 2258 7606 2161 573 2263 8609 8163 6914 4010
110 613 4395 4835 7062 3404 8793 5630 4349 3751 9210 6497 6331
111 1344 6635 1847 3283 5677 9395 7503 5660 8513 4696 8581 3604 8193 8167 4147
112 5548 8588 7445 8911 8157 827 4841 3005 4859 2008 2070 6345
113 8106 7122 972 747 1710 82 8216 8311 196 3525 1097 5710
114 3376 9161 5957 5155 3287 883 5462 7058 1291 1438 6509 7545
115 8739 838 2215 9108 5816 6542 9364 5663 2125 8992 686
116 5395 4649 3581 6439 831 7627 9859 3588 2745 8994
117 9933 7430 9502 2213 9862 8011 5533 4837 7063 2962
118 6624 2089 7649 316 4568 9642 9505 4739 9734
119 6665 6024 9929 5754 3961 3150 7116 2596 9568 9233 7903
120 4099 2364 2644 4470 1558 4014 5204 0
121 3594 2017 810 9366 915 9583 3722 2074 3153 9657 3152 5112
122 8303 5078 1180 8538 1964 7792 616 6599 9215 2645 9693
123 7846 7849 7288 8014 2719 491 3727 3382 8208 9463 1711 4913 5656
124 5419 8376 2296 5202 4827 2379 1032
125 7736 9207 8595 1047 4594 4183 6332 4195 6480 4970 7117
126 8294 2730 7066 750 3442 4580 2500 8738 9169 6208 6058 259
127 1767 5486 1494 706 6498 2129 2491 7239 8136 4118
128 2939 4984 8707 946 499 4978 247 2327 912 720 8851 2000 9321 1215
129 4083 2630 4251 2512 5394 1441 2497 6420 5433 3077 6311 3119 496 1401 8295
130 3510 4557 7999 5422 4716 7195 1674 7206 5523 1606 6038
131 5836 2187 6273 3587 3563 3999 8861 5407 5069 3683 5808 463
132 7218 1289 5280 4546 2638 4944 7968 5277 812 2212 2119 5462 2130 7769 1004
133 6144 1639 9366 6862 2987 8861 9887 3363 3084 210 8816 9823
134 3649 4819 5244 2346 7090 212 3051 297 2896 1716 1555 2796
135 7261 2196 4523 3104 1379 8461 364 1827 9204 3340
136 8627 9505 9087 8740 6869 4419 1721 7489 3883 8484 1838 341 9898
137 7870 5997 8604 6379 3535 1027 7484 2610 9980 3904
138 7424 1902 233 461 2816 7364 4417 2495 5359 3454 6550
139 1179 5429 956 8864 8672 6144 6341 3636 6166 6626 4915 7807
140 8597 4331 2368 6540 7075 1770 372 2622 3797 8859 1632 1982
141 5679 2823 5146 8904 9706 9776 4749 2514 699 1804 6739
142 7743 27 3848 7111 1200 2479 8993 550
143 7078 7118 818 6676 4937 8032 7353 2959 4032 9148
144 4242 8516 1598 449 250 9484 2234 6158 3171 9317
145 7194 1581 1342 5672 5589 1176 4306 5428 2582 2240 2757 6034
146 7967 4653 8225 8779 751 4439 4322 2436
147 1765 7885 400 634 1457 4763 3846 2824 7313 9711 8119
148 5407 5393 4994 3536 1657 3611 3064 2258 2919 1394 5715
149 6329 8384 3643 7527 2028 7851 1233 1549 8280 1682 7290
150 4308 4387 362 5240 8383 4252 3992 2441 5476 1170
151 1451 9643 1146 6823 9059 1851 9725
152 3153 1682 3583 8510 8586 4380 7114 1195 5499
153 3172 8275 5391 2586 5552 2602 7611 532 7859 2201 4779 2225
154 4312 1942 9711 240 2956 9935 2830 2099 3541 1719 3274 9993
155 9512 3691 1362 4340 6880 5950 8198 2274 6467 8113 6010 4401 7289 7409 838 2548
156 5036 6350 169 2395 1708 1849 3783 5477 2745 5322 574 2590 9604 732
157 7893 9696 9266 9743 191 2500 3758 9440 3739 3476 6826 3703
158 3362 1280 8353 6594 4530 6882 7775 8101 3895 2296
159 8762 174 535 650 262 6691 5649 8295 2353 5737 2006 7547 3481 8805
160 1510 738 3857 8249 783 7448 4646 102 3707 7884 5861 7248 6496
161 4390 4505 1835 9835 4450 205 8982 3294 6263 7525 5242 4142 2401
162 5346 4386 6541 4558 8645 1161 6452 5127 9440 16
163 518 8594 2701 9041 8073 5396 4906 348 1790 2815 1740 8092 138
164 8543 9675 7965 2371 2566 8972 6793 1363 490 582
165 9140 7789 3715 3789 2160 9365 488 2640 3144 8484 9034 227 594 8067 7131
166 5765 4659 9888 8785 4327 5023 4496 202 1176 7591
167 8520 5636 8683 3672 2430 7675 8281 8361 1163 6826 2788
168 23 8224 6507 5256 423 70 2236 5659 6691 9104 1628
169 4319 8399 3523 5055 3121 4133 734 1902 3529
170 500 5899 4508 22 1719 2365 5208 566 4759 9895
171 3735 3562 62 5617 3338 583 2771 9874 3280 3126
172 3111 5549 4089 2805 963 2194 9413 9229 3797 6925 3336 84
173 7559 2693 5153 3158 4247 5492 7879 9196 5152 2925
174 8287 4251 5345 4830 242 7904 3806 7536 1049 7197 8352 4393
175 3619 4478 9281 4097 1540 6132 1663 5595 955
176 1238 392 2326 1715 6385 3135 9809 1889 8698 2925 1064 3770 8674
177 39 4265 5331 5351 6035 4241 4490 8297 592 157 8957 6370 7513
178 4421 9171 2435 2773 6851 1945 6027 6258 5245 2736 2494 5178
179 3947 6783 5526 5533 8523 8986 1259 7537 3681 754 7400 2958 7296 2882
180 2746 5478 7164 2037 4214 644 1479 8147 7193 8735 7791 9711 3870 2860 6793
181 1509 83 9932 9196 6587 3502 3122 8866 6428 3716 360
182 2623 4995 8163 4007 6988 3125 8743 5560 8580 9093 6723 4524
183 3625 7885 4774 6717 7901 725 655 8340 9513 357 1626 4661
184 7465 8615 3614 8964 360 7383 8579 3035 6213 5195
185 2148 7923 4531 7617 6577 89 5797 3101 9001 2202 648 9671 6720
186 77 833 2759 7451 8593 5796 8954 6167 6503 5557 7909 8880
187 4158 7775 8583 3963 9080 1236 3429 9405 3739 9702 231
188 1897 8143 4688 920 1577 8216 4710 7327 949
189 3987 4310 2997 8329 2972 760 3803 6636 6389 6794 6992 3502
190 8514 8204 9262 8600 7426 8732 4151 8389 9106 8051 5251 5661 4992 5730 6231
191 6690 8174 6259 5611 8061 1158 649 915 5705
192 673 1568 675 3018 4585 4097 2680 8583 4416 4029 9864
193 8943 4623 9546 1611 9986 1230 3118 44 7248 84
194 3015 1521 6854 3318 4991 3057 71 52 5540
195 3664 1960 2837 8904 3194 5667 833 4734 9288 2126 1091
196 9238 3454 6454 4970 1989 7747 9831 4429 4076 7918 6395 4987
197 626 4243 3615 734 9683 2339 9414 5825 9587 8467 4769
198 8014 1893 1285 6492 4366 7248 3372 3097 6402
199 5427 8097 7404 1622 7615 2981 6089 8357 4158 4801 1567
200 5862 2938 5824 2874 5628 9326 9305 286 4353 6646 9641
201 9521 741 5312 2509 4344 7629 8010 3243 7986 5375 6743
202 7974 9988 72 6595 3537 8722 8807 8806 8054 6808 970 354 1218 1359 6461
203 8461 5388 4103 2077 2631 7306 7953 161 5466
204 7187 765 8617 5282 9248 1695 3182 6961 7925 4995 1242
205 9224 6706 7228 4755 1318 2083 4444 8075 5968 6067
206 2779 2215 7164 8925 8738 3130 4032 5550 4225
207 2584 4241 360 814 2386 3643 1114 6951
208 6522 8453 5547 3324 8348 5195 4066 4769 9367 9690
209 9650 6780 2723 9811 4909 9475 6946 8145 1226 6008 8794 4710 5382
210 7467 5388 6579 458 1928 9815 6917 544 3312 8138
211 8432 3310 7540 2515 3031 3586 1361 5465 932 1153 9159
212 4763 367 5621 834 9102 2508 4821 2422 984 5010 2614 9558
213 5442 6324 1683 3896 6116 9744 8416 9085 6516 6231 1992
214 6231 8486 8899 8410 3299 1450 3404 1773 7543 1602 5553
215 7231 1718 7909 1930 4851 3504 949 6708 7980 214 4332
216 5847 5829 624 2462 1909 2843 8002 6763
217 2203 6836 3609 9774 1398 382 5626 3864 5960 7122
218 1014 5350 1357 854 2953 1637 6653 8999
219 2221 6587 8059 5864 142 6748 1164 5182 2054 9247
220 863 5804 6609 9397 4034 5359 8577 5958 8699 1181 6522 5209 5298
221 4840 7635 1573 10 3643 7801 2109 8080 4761 8987 3172
222 6517 5622 1391 5794 2000 4880 1040 6042 530 4229 6953 8620 3610 208
223 6132 6423 7112 7190 8363 3235 8002 1191 7160 4965 5350
224 4534 6179 2755 6601 4741 1078 5741 8471 7213 4739
225 2220 5722 6908 7137 6502 7362 428 1513 8016
226 7249 4743 9459 6424 735 8240 2910 5998 9302 3805 6299
227 5941 1327 4641 7877 1423 5991 4550 2197
228 3828 3450 559 9960 847 844 6242 8898 244 3074 1044 1383 5232 8384
229 5504 7841 4031 3358 8903 9738 6762 9700 5706 9351 752 2945
230 513 4237 9798 3851 4158 6514 5148 4018 1081 5582 9931
231 5153 4422 8508 1554 1024 9796 8187 2147 728 5275 6018
232 8272 5858 5054 7003 2475 9959 1763 8084 3665 8464 2607 503 8976 9266 2549
233 3521 5923 1854 8884 9995 3907 7114 6717 2470 1914 34 2485
234 8476 8937 3229 9192 8913 6974 7208 1456 6549 3392 7516
235 2983 6092 8966 9654 7143 182 5345 3121 2744 773 6060 8413 3660 8290 7210
236 9458 4209 4026 5855 5401 4675 3682 1108 1752 9015 8803 516
237 1789 2823 3838 4586 5794 7459 2406 3117 3216 9747 6103 7771 6507
238 4808 3820 2256 9529 6221 2033 136 7991 5085 5958 263
239 1150 7843 1304 3978 4540 2485 2296 1888 736
240 2711 4080 265 6224 8213 5592 5046 6693 3596 9800 3404
241 1349 3267 263 1379 1423 5179 8408 9648 6341
242 2404 9305 137 2462 6837 882 5121 7363 1620 7121 5008
243 6434 7956 7962 4054 9313 9576 3054 7234 29 1861 5389 1279 1134 7117 3077 3873 325
244 6195 96 3457 8766 6468 1260 2211 5734 3995 2483 8837 1698
245 4521 5661 7358 6337 5159 8629 2127 8279 5607 5391 7072 2120 670 5141
246 9797 7607 6501 6338 2126 2459 5339 2285 5155 9905 5580 9419
247 9959 9420 1398 7475 1734 2548 1336 5266 2498 3812 8211
248 5469 8943 4175 3963 7573 6318 5561 6105 29
249 7604 1006 3715 632 4596 734 9499 3819 1198 8084 9882
250 1309 7377 8407 5614 9450 3813 2308 5556 6857
251 913 2506 7484 6066 6275 7859 9199 7986
252 6527 1455 1567 7692 6134 9503 389 4561 7042 8200 6320 3600
253 29 2256 625 9125 6078 3526 8098 8162 8714 5363 7463 5662
254 5919 4891 1178 5764 9799 433 5379 2880 4619 6712
255 2341 7006 5859 361 1627 4071 4270 8647 3169 5880 4180 3336
256 1737 6196 493 5715 3794 711 136 1270 9366 6370 213 9988 8980
257 6590 9006 9655 2985 392 6890 8276 6201
258 320 6171 5779 3973 3222 6786 4201 151 4485 608 2412
259 9333 7236 1316 3377 5022 8861 6558 2778
260 2302 2703 3667 7606 1574 5887 2530 3586 8915 812 1102
261 5914 6961 8241 7888 8099 5400 3721 8949 735 1063 7688 5676 8188 291
262 9871 1618 4326 2279 3864 9132 8118 6774 2392 2532 5363 5555 510
263 8841 237 9482 4347 4924 3599 1834 2706 9752 8288
264 7215 9239 2539 5485 2850 9329 5680 5805 3189
265 1352 3450 8742 1038 917 7817 3853 3649 8831 5406 9954
266 6752 1673 814 8862 8619 8743 2476 9757 191 5531
267 9255 1201 6249 9930 5075 5835 4289 9839 1297 4356 6069 639
268 8954 1625 5353 1408 286 4178 2231 8264 638 4542 759 4560 6065
269 2071 9706 9026 8010 5563 9816 2417 1386 2715 5416 8263 9138 4341
270 7883 2752 4986 8741 3613 6745 1664 7492 4832
271 7567 9759 6183 9895 7021 9409 5189 8718 5161 2294
272 4301 8793 3394 1571 199 7816 3074 4651 2550 6056 4908 3392 7556
273 5450 9283 1272 347 9064 1805 674 791 4484 4039 9900 5099
274 4046 9172 9722 5963 7643 5525 8306 5581 6548 5601 8160 3153 9637
275 153 2177 9137 117 4561 2188 8308 2741 243 2169 8351 8278 7329
276 6931 8781 724 6133 7797 5365 8983 139 7350 1311 9760 8172 2214
277 1902 1189 9244 1309 7293 2776 7352 8673 657 165
278 8628 201 1553 7469 2197 8674 2576 5940 5992 6478 2730 6511
279 9204 1677 7204 16 7584 4807 5347 8568 273
280 5179 8370 7105 7940 6601 9634 9172 3398 8060 30 6005 860
281 9047 6722 3230 3605 1867 5011 5405 3368 8410 3622
282 1535 6953 4906 6041 9388 9732 4328 5838 9597 3755 3412 3210 761
283 7847 1562 182 142 2286 4255 2948 1045 4869 5781 5234
284 5726 9226 4924 696 9123 1296 5312 4808 4966 7804
285 8527 6444 1881 580 4143 3816 9858 4483
286 3824 4752 8721 5240 5825 7439 4086 3973 9921 4569 4077 2385 6062
287 5741 282 291 7196 2203 5195 2180 1639 8768
288 1007 7290 868 287 4291 4778 4721 7901 1271 5502 4808
289 8445 1142 6546 1424 1927 8010 6531 4591 4280 1267 7869
290 3971 4094 8960 8571 5043 6115 9710 4041 9764 1142 8734 2499
291 2583 7389 2345 8797 5848 5522 5917 8313 831 1123 8728 4181 2058 5371 1850 4647 5143 5686 822
292 6027 6135 2572 6563 7486 4475 9056 107 3561 5520 3689
293 2649 7119 7811 1693 9398 9312 4183 7799 6818 3650
294 3095 155 1785 3334 4382 4780 82 4414 810 6375 1195 6972 4791
295 4971 8105 1882 1746 2879 8188 2457 3714 2931 4224 6824 6105 9511
296 8653 5574 1572 8221 8758 9963 4837 4182 6666 9094 6133 6470 4532
297 3774 9121 4206 3816 7042 4135 1686 2845
298 1481 9959 1962 2818 5331 4367 7586 441 4123 5384 9818 4464 7701 9508 336 1633
299 7459 6609 9372 8882 3762 514 3080 5490 7188 6637 7398
300 3592 4525 6825 8995 9258 5504 4791 7755 6572 5929 4243 2951 7216
301 1799 888 6857 2161 7883 6615 8447 6934 3980 4998 4450 9804 2483
302 8458 4084 8442 7076 3793 4159 2233 5027 605 301
303 3691 8517 4042 354 4345 505 4253 133 6568 5873 6348 969
304 5534 6236 7087 2871 4189 8684 8626 3298 2466 5447 3256 7289 1162
305 4243 7954 6713 4431 1302 9386 8722 5961 3744 8246 8125
306 936 3285 809 3333 6686 4887 88 421 2603 1195 1352 4512 6895 487 6507
307 7318 3037 7168 7480 529 1532 7980 996 575
308 7232 4301 7218 1940 7413 9146 8546 6312 9531
309 5686 204 7340 2263 302 1602 7234 1953 7245 2228
310 8424 6241 2930 9331 6105 2354 8480 6437 7601 3193
311 2685 3061 7355 3514 146 1506 4569 1354 6281 7233 1785 3943 6928 4296 8900 3320 8033
312 9784 1625 2055 2872 7197 8167 7470 9524 8173 4708 7214
313 5084 992 3900 4565 4434 663 2076 7435 5111 5637 1841
314 5193 316 9933 7638 4264 1865 5389 7875 7174 3353 2005 3214 132 7698 6547 9014
315 3370 8594 211 5235 7223 2877 4829 9395 720 4982
316 4735 7910 2977 5711 6030 9649 2501 7073 8889 9133 6586
317 9471 6353 8375 141 7816 7221 9554 6205 5447 7469
318 6950 7800 9028 9493 537 2465 3037 6175 3041 7252
319 1665 7761 4736 2389 6045 9168 2689 3017 498
320 2640 882 5119 4856 3672 5503 5554 6872 7269 956 4562 7948
321 2248 5532 1170 3573 5522 8514 7941 1515 2585
322 2499 1604 2294 5146 6925 2329 8125 8587 5958 8186 4736
323 9056 9899 2272 2547 7186 5193 8228 4624 273 1734 5666 6123
324 5897 5644 8224 4665 1694 8828 4284 1201 3390 4510 6639
325 5110 6691 2878 7833 2182 6422 6832 5451 4849 4347 847 6541 4073
326 3419 8021 7500 3031 9370 5693 4292 3306 5882
327 8971 1052 4825 4720 4213 915 4172 9566 4388 7525
328 3508 3608 3923 915 2164 2503 5961 296 2176 5917 7493 2780 3707 2760
329 9364 3855 6172 1783 2291 4116 2420 3232 6547 3079 3277
330 4938 307 3050 7902 9808 9522 5287 8627 3454 6978 3768 919 7926
331 8186 6511 5043 2952 7713 219 9923 7784 1620 8051 8934 1307
332 2851 3887 6143 6778 1280 9618 6823 3463 1071 6223 4033 4124
333 1274 7603 6693 5515 6705 6878 930 9592 9558 3895 5038 9414 6959
334 7837 3784 452 41 2140 4897 5675 3021 6457 9348
335 3871 4341 8143 8081 3251 421 7327 6260 6315 3538 2690 4045 2391 8195
336 1574 7503 2245 7358 7155 9060 9407 9389 8033 8973
337 3870 8605 1164 6063 4559 9532 8223 9664 3227 828 5717 3195 1294 7688 8443
338 8596 5192 6676 6607 8057 5431 2431 9622 288
339 5831 322 5883 6899 3506 5257 3724 8562 5176 6507 786 3209 8722
340 7229 7110 2111 7910 4963 5587 5829 5624 336
341 5434 2798 2751 7213 1938 9636 6925 9418 1017 7733 9327 9342 1452 3981 395
342 7601 3692 2129 6102 7261 4703 6562 7258 3895 6667 8119
343 5424 1428 8015 8231 8748 5941 1834 8169 8208 8272 7625 8668 2232
344 788 4486 5483 8090 6637 3666 2962 9282 5885 147 7314 884 3549 2472 9657
345 2506 2992 6103 4671 7234 1577 218 3821 5285 4166 4463 7880
346 1399 5977 4959 6033 5691 524 9274 9539 9529 3147 709
347 7061 9137 3142 5135 55 7140 4746 7265 7227 8419
348 2882 1890 6709 266 3461 7353 8498 3759 2613 8521
349 29 5158 3018 1443 919 442 4972 4674 8337 2234 1327
350 9069 1978 9655 1908 9459 3908 5229 9156 3376 1950 7843
351 1077 8011 4495 7569 660 715 6606 3378 9181 5679 9429
352 7528 368 376 5929 5651 7167 679 4996 939 4558 5606 2985 4901
353 8878 4848 7474 6269 3812 2492 1586 3469 5177 4354 280 1458
354 6355 6157 6647 4777 2229 3262 335 5230 5795 2120 1581 3202 8004
355 2702 1044 4402 142 1840 5182 9595 2802 8183 4253 3113 2913 8588
356 3710 6877 907 8522 7155 5209 6525 2754 7573 1070 3147
357 7026 4722 7414 4965 1202 2963 3642 578 9770 6560 5783
358 4693 1435 9263 9089 539 4824 7185 417 1357 4786 1348 4394
359 2293 1440 1942 1577 5779 2672 2796 1146 2381
360 2872 9087 659 8410 1822 1335 9067 6429 8368 4400 9931 3558
361 7754 6606 7028 7907 6628 3776 9400 7401 8461 2770
362 812 7322 7747 3987 844 4304 6924 6043 6937 1621
363 493 9389 5466 6515 4812 3351 4806 1978 5103
364 8822 9604 3784 4185 4657 6176 3748 174 210 1394 7251 2189 6232 6686 7304 4057
365 8787 4402 7895 3486 2902 9556 8440 6529 3418 6681 4159 4230 662 3438
366 7021 429 9108 3467 6961 5317 3351 7110 9667
367 9920 6370 605 8526 3542 6316 475 3539 9650 1171 6758
368 5085 7415 8072 7681 9445 2436 8614 5185 9638 8260 1000
369 219 523 9686 7065 3657 799 4795 1078 5251 568 4008 2155 4501
370 9060 5049 877 7447 828 8507 3260 6232 6027 2143 3616 8345
371 1536 5045 362 5300 1652 6351 8131 1109 8404 3320 5012
372 9889 1626 2061 8457 1386 1302 7443 8307 731 2562
373 7338 9839 2138 3764 6042 2998 4307 5494 3099 8817
374 3544 2059 1565 2342 7676 6502 4296 2263 751 9818
375 8916 955 2641 1423 1708 7884 7322 5477 4211 3600
376 6959 482 9245 7235 661 7453 6003 760 260
377 7543 7840 7522 3005 9453 2343 8264 2747 4463 193 3462
378 9263 6464 6896 5925 4015 4987 6095 2405 5744 4319 3762 5015
379 5537 7721 945 8018 3240 7865 5509 425 9255 8413 1937 9423 6187
380 7827 1145 3409 115 5093 6478 7853 178 4938 7873
381 9878 6457 7591 8426 6905 3297 3776 8023 5401 7223 4409
382 3625 6211 6506 9167 1448 7169 2548 2946 5348 71
383 6890 9132 8196 8390 1348 1637 6437 3714 7491 4645 7 7987 5016 9511
384 7628 6379 9360 1670 7391 8990 9823 8650 7171
385 2133 8953 8682 5683 6273 7609 6524 7578
386 9206 5744 1106 3918 372 8854 3126 571 4857 5529 6260 7525 3902 9731
387 8195 5078 3776 3796 3014 1916 4899 9470 7426 6931 3180 7685
388 5293 7170 9654 2598 5127 7148 140 1650 5704 5582 374 8882 7738
389 6954 8261 2217 5683 7693 6952 1437 5447 5131
390 1732 9694 8674 4871 8319 1072 3879 338 6733 8331
391 1879 5166 3815 2191 1405 4867 242 5757 6631 9445
392 4293 6049 6437 419 7860 3587 4381 8520 5729 9057
393 8056 8768 7624 7237 7916 1348 1028 1586 7629 782 7772 2078
394 4140 851 3933 2748 3653 8522 5810 5347 3210 9485 9409 7723
395 1035 9003 6757 4496 1046 1937 7965 2741 8942 7353 6663
396 1976 2817 9637 5693 5596 1764 6952 6656 3626 8665
397 3770 7318 2329 3193 6693 8743 5952 1678 2669 2834
398 366 5578 3030 5809 5873 3905 2976 1882 4830 5789
399 7558 9368 6628 5041 7544 6125 4822 8850 9392 2196 3241 2922
400 1115 2564 644 5754 8000 276 3655 2676 5155 1982
401 8615 3297 4754 6639 5552 4583 8052 539 7371 723
402 8705 5750 9547 3634 6840 9367 2699 1130 652 9871 65 2453 3829
403 2737 2695 3306 3946 9726 1052 1467 2673 2313 8391 7481
404 3081 5093 5853 3637 144 6694 4910 7279
405 6417 4253 2709 4641 6794 1996 4553 4448 3309 6048 9308
406 588 8595 2622 4987 3791 1721 3048 5032 9134
407 4961 7595 8572 8359 3086 6415 4181 9666 8241 381
408 1416 8514 3387 2012 7149 5666 5567 3565 9388
409 8728 9646 6216 5610 3356 667 3561 8780 7526 1323 6917 120 3383 8275 2432 6488 7377
410 9703 7155 3548 7676 5400 3789 7796 8302 8258 4942 5468 7386
411 9127 66 1160 6881 5601 2183 2463 2585 3724 8175 1773
412 719 2454 5109 6876 6654 5415 9716 4635 3884 2296 1302 1020
413 8431 3056 3778 7118 2639 333 4107 4901 7413 5335 4778 2992 429 9527
414 3284 9953 243 5604 4054 3829 6569 4386 4140 1636 3637
415 9063 8445 9243 9715 329 6848 1807 5100 9242 5836 5400 1588
416 8389 3195 1835 2900 8236 6357 9068 7276 4257 2403 3670 6309 2655
417 3442 4531 7384 4908 8029 8989 4189 210 7362 6585 4599
418 7004 6691 7938 6556 2068 9828 1888 3606 4133 8511 2749
419 2795 6362 6265 6287 2169 7490 552 36 6364 5680 1387
420 585 1814 3048 5341 3840 6181 9702 2105 4579 9997 270 6953 8391 9798
421 1383 5230 961 7697 9577 9111 6196 7040 4968 7741 9450
422 3580 4981 871 1548 2858 265 6920 7411 8740 98 8268 8858
423 265 3464 6971 4015 448 1813 1414 3602 5460 8531
424 8715 6826 6777 5246 6641 8720 131 4588 7642
425 2780 9348 1581 3217 9362 340 2614 91 9355 8814 9482 6748
426 4485 1695 224 7060 4463 6762 8420 3846 7318 5546 5960 2458 7247
427 645 4929 4668 7648 2696 3279 8476 5766 4079 1735 6616
428 5360 1122 4148 1770 2688 7682 5019 6523 5856 7317 6176 1157 5743
429 1906 5418 1391 5143 2923 5023 9526 4093 8153 9083 6066 1136
430 2447 1435 7125 6013 8680 873 3741 3447 6545 2614 1071 9256 5902
431 4081 7240 8081 9451 4819 8460 640 1205 6412 7281 864 4620 1372 5966 1611 173
432 6545 3837 1574 2460 1676 1948 5426 2727 6420 7121
433 9330 4444 339 3202 416 9845 1020 9626 2727 2803
434 9048 1771 2644 1282 4279 3525 1824 6290 3941 398 8234 267 8117
435 2103 696 5117 233 1000 756 2485 8845 7581 8753 4111 3121
436 331 6144 5126 8253 8944 7977 8084 1881 6861 3173 4691
437 2547 3316 7542 992 3227 8430 7779 725 4402 4671 7231 1328
438 7306 3655 366 5360 311 3714 4015 202 4483 7730 5327
439 6640 8469 9997 1666 473 9477 658 2572 2281 8248 7314
440 874 1431 4334 1219 1093 7603 7340 4287 2369
441 4304 7220 5392 2357 5275 9331 3720 1556
442 7861 226 5073 5177 3471 4271 9954 4629 9189 5408 1307 5797
443 206 3897 788 3745 8388 4838 7937 8471 8036 2433 5568
444 7784 1436 4849 4555 7274 9352 5493 8675 7078
445 6845 845 6209 2967 961 53 427 8678 9474
446 318 2082 97 3168 2190 9673 6340 7770
447 4941 9674 9413 8150 9044 7210 1517 7506 2844 5691 482
448 1298 9126 2504 6286 7776 165 2029 3735
449 6770 2359 7943 4302 2061 3843 5776 9219 1542 2971 4387 4607
450 154 6963 6911 2037 8717 5144 2868 9785
451 7118 6514 1639 8960 8213 8744 116 5273 571
452 6325 8943 3886 175 1956 4461 7899 386 9755 7556 6718 5211
453 9081 7977 9716 2398 4632 304 2844 9407 9889 8718 5437 9101
454 4347 1672 8940 3073 3867 8367 4556 7638 2038 1935 5665
455 6831 4870 1901 5639 3152 3424 1021 827 3308 4761 2519
456 2722 3977 6413 8948 5468 887 7427 2424 3991 4851 1798 1893
457 5038 5905 1522 4023 2418 9571 8068 6134 1319 7043 3242 3096
458 999 5283 9233 7593 5517 1410 5964 1309 4437 8632 7445 8749
459 8920 1630 6776 3645 5151 3126 9276 3418
460 2935 4216 631 6401 1648 2300 672 5786 172 3677
461 5017 1250 8818 4352 5409 3772 7163 764 2550 8425 6888 538 5622 6170
462 8747 4538 329 5402 8434 5013 587 8491 1364 8613 8523
463 1476 8455 9557 9861 2536 6535 8624 5228 8682 976 4809 9803
464 2235 3275 9294 8876 5283 7922 3252 3877 148 9675 2531 2536 1351 7461
465 2834 8815 8307 2835 3378 1353 562 5024 3303 3885 3286 7362
466 5738 1902 4051 6456 5181 7839 9627 2628 3376 8681 2499
467 1717 3536 4363 6918 4253 8298 953 86 9295 421
468 2915 2278 7298 3892 1317 951 8175 6320 7020 7947
469 8701 2635 5754 5571 1212 5044 8081 62 2864 7345
470 718 6841 5422 2859 4591 9830 6886 9487 5749 8245 1878 5310 8708 1383 8265
471 6278 6730 2101 6809 5044 9146 575 9953 7975 8040 5258 9934 1809 7037 8090
472 3988 7434 1757 8744 199 4027 6906 4522 6912 7655 600 437 8989 9197
473 3227 2272 6349 2938 5092 4328 1165 9955 8332 6762 6879
474 2494 847 9378 6295 5400 7986 5342 8303 1091 1128 5515 3628
475 5310 6616 220 6149 219 1611 2215 2552 7069 7066 4065 9676 8263 9569 1551 2897 2927
476 1595 7218 8302 1722 3829 572 8088 3038
477 5838 4263 436 3426 618 2803 7818 166 7025 6057 6188
478 8975 273 2742 8170 5933 1537 4223 3270 1663 9537
479 952 9370 220 997 6936 3591 7274 500 8851 4039 5748 1243
480 701 4266 9928 9761 4121 4282 6279 3344 9707 3693
481 9004 1002 9590 3013 5083 4911 8637 2325 6863 6695 9965 6445 6715
482 5622 4743 2152 8070 9045 7792 9703 2326 1777 8774
483 1078 805 1055 6378 2825 3362 9529 1287 1509
484 8115 7682 2556 7734 5825 765 2400 6465 7523 802 1301
485 5895 2351 5886 7847 8960 4191 178 1982 4059 4527
486 3396 8810 7603 2396 7732 2191 6000 5007 2896 614 7517 9700
487 8750 2993 6000 5025 2169 1695 6875 4426 7815 6547 9593
488 7453 8752 3802 2803 1253 3094 9999 4892 1851 4597 5379
489 4638 7414 9526 3764 3867 2450 479
490 2030 1640 8823 4237 5373 1883 7972 7917 2920 4577 308 2186
491 6698 476 5312 5001 7823 5595 9133 1981 4281 2681 2781 6950 6410
492 8779 8833 5883 7328 5930 4123 1686 4955
493 1925 1273 2006 4364 9695 5456 8487 7806 5446 3028 3656 6575 5393
494 638 3325 895 8836 2848 3888 6805 4071 7481 1668 5565 7173 7758 4896 3037
495 9833 8977 516 2879 7734 8630 7118 5757 7659 7123 6114
496 8467 9128 259 9295 6405 1954 1081 9241 1657 1409 1310 5146 798
497 8240 9537 5073 885 6275 901 1899 8722 2227
498 5251 9189 4513 947 2963 5884 1006 4667 3140 7929 5707
499 7121 8358 5414 4456 1416 3388 6005 9968 8150 7057 5000
