100
0 0 1 2 3 5 4 19 6 8 7 17 9 10 12 20 15 11 21 16 18 14 22 30 25 44 28 23 38 13 32 24 281 34 63 27 93
1 0 1 2 4 3 6 8 5 12 7 15 10 11 9 17 14 23 13 26 25 22 54 18 20 36 34 55 16 19 21 46 70 41 24 114
2 0 1 2 3 4 5 6 8 9 7 11 10 13 17 23 12 14 24 19 15 16 22 25 20 28 36 37 30 33 18 45 31 40 35 47
3 0 1 2 3 4 6 5 7 9 8 12 11 20 14 18 15 16 17 10 13 21 32 24 31 33 29 26 27 41 30 38 76 50
4 0 1 2 3 5 4 7 6 10 9 13 29 15 17 8 14 26 12 25 19 16 36 24 23 38 21 28 11 18 129 50 20 31 144 27
5 0 1 2 3 4 5 6 7 9 8 12 15 10 14 17 31 16 13 11 18 56 20 28 19 23 37 25 36 34 29 24 21 26 40
6 0 1 2 3 4 5 6 7 10 9 8 13 11 16 12 19 17 20 14 18 24 39 32 15 23 31 21 61 49 26 22 35 40 62
7 0 1 2 3 4 5 7 6 8 12 14 9 11 16 15 10 21 17 13 18 23 19 25 46 20 27 28 39 29 47 53 40 22
8 0 1 2 4 3 6 9 5 8 10 11 7 16 12 24 14 13 15 23 42 17 27 87 65 88 85 25 71 75 34 20 37 29 103
9 0 1 2 3 5 4 6 7 8 9 10 13 20 11 12 14 19 15 24 23 21 28 16 17 26 22 32 33 34 75 18 46 52
10 0 1 2 3 4 5 6 7 13 11 15 17 8 12 9 10 25 16 22 18 14 31 20 29 19 32 23 26 38 28 35 86 37 65 33
11 0 1 2 4 3 5 6 7 10 15 17 8 11 13 34 9 18 12 19 16 14 48 26 42 29 27 20 28 33 21 32 39 90
12 0 1 2 3 5 6 7 4 9 8 10 26 13 14 20 15 16 19 12 11 25 18 33 17 23 32 22 27 82 21 28 34 35 95 57 38 88
13 0 1 2 3 4 6 5 7 8 11 12 10 9 14 20 17 15 18 19 22 21 33 64 37 16 82 13 26 49 35 44 55 50 58 47
14 0 1 2 4 3 5 7 6 8 10 11 17 9 21 12 15 18 34 19 14 13 45 24 20 25 22 40 46 58 35 236 30 38 55 32 178
15 0 1 2 3 4 5 6 7 8 9 11 10 15 12 13 20 26 14 21 17 18 27 36 34 16 32 45 22 30 24 33 19 54 68
16 1 2 3 4 5 6 8 7 9 10 12 16 19 13 17 20 170 24 30 38 25 36 11 31 51 130 27 50 46 48 40 56
17 0 1 2 3 4 5 6 8 7 10 9 11 13 24 12 16 14 15 19 18 25 20 33 62 17 46 21 29 60 28 27 22 111 176 38 45 23
18 0 1 2 3 4 5 6 7 10 17 8 9 14 15 13 16 19 12 18 33 26 42 11 50 23 77 35 29 28 40 21 83 24
19 0 1 2 3 4 5 6 7 8 15 9 10 14 12 19 18 28 20 16 22 17 13 11 23 82 21 30 32 29 91 35 27 34 97 39 37
20 0 1 2 4 3 6 5 7 8 14 9 11 12 15 10 17 16 27 13 26 69 23 35 30 33 18 44 24 19 47 21 22 28 50 37 331 36
21 0 1 2 6 3 5 4 7 8 9 12 13 10 15 11 19 17 22 16 23 14 20 39 34 18 28 77 54 30 21 97 25 33 37 27
22 0 1 2 3 4 6 5 7 9 8 12 10 11 15 29 13 16 33 34 19 14 18 21 20 17 23 22 68 47 41 27 38 31
23 0 1 2 3 6 4 7 5 11 17 15 8 12 9 13 57 16 14 18 23 35 26 10 21 27 41 59 19 55 52 38 33 22 24 70 62
24 0 1 2 3 4 5 6 7 9 8 11 13 14 17 10 19 12 34 15 16 32 23 18 21 35 22 26 20 28 29 79 46 55 50 70 27
25 0 1 2 5 3 4 8 7 6 9 11 23 10 22 24 21 48 19 14 17 12 13 39 31 85 16 15 71 37 20 18 34 35
26 0 1 2 3 4 5 6 7 8 11 10 12 9 14 13 15 16 17 24 22 23 19 28 18 38 25 131 91 108 35 44 29 49 33
27 0 1 2 3 4 6 5 8 7 14 9 15 10 12 11 17 13 23 28 34 16 39 18 24 21 19 57 22 26 20 25 53 31 84 37
28 0 1 2 3 5 4 10 7 8 6 9 12 23 14 11 15 16 17 13 28 22 21 37 20 19 83 31 29 33 44 34 25 52 27 24 35
29 0 1 3 4 5 6 7 10 9 11 12 8 17 15 16 18 25 13 60 21 14 22 19 70 53 34 79 42 48 62 45 131 31 32
30 0 1 2 3 4 5 6 7 10 12 8 9 11 17 16 15 14 21 112 27 36 55 25 20 33 19 23 29 41 498 34 24 42 18
31 0 1 2 3 4 5 6 8 9 7 10 12 11 18 15 13 14 20 17 16 19 24 36 29 21 61 26 31 39 22 58 27 84 32
32 0 1 2 3 4 6 5 7 8 11 12 13 9 24 10 17 19 20 14 15 34 23 47 25 35 18 29 41 16 22 44 33
33 0 1 3 2 4 5 8 7 6 9 12 10 14 17 20 11 15 18 84 13 19 25 21 45 66 31 16 29 22 87 157 41 46 73
34 0 1 2 3 4 5 7 6 10 8 9 14 11 19 16 24 12 15 18 54 52 25 17 34 39 22 13 21 40 41 20 32
35 2 5 4 6 14 9 10 23 19 16 37 15 97 55 61 22 137 42 49 39 60 21 63 53 51 24 72 26 57 32 35 114 64 7718 81 123 108
36 0 1 2 3 4 5 8 6 9 12 14 11 13 10 18 25 87 24 33 27 20 80 161 23 61 36 81 29 73 71 41 32 19
37 0 1 2 3 4 6 5 7 9 8 26 10 20 13 11 12 14 23 16 21 24 30 18 15 27 17 32 47 59 28 108 45 109 84
38 0 1 2 3 4 6 7 5 8 11 12 14 13 20 9 21 16 17 10 25 19 22 63 40 73 18 24 97 49 15 125 96 36 42 101
39 0 1 2 3 4 5 10 6 9 8 17 11 18 34 7 46 22 14 12 23 74 42 38 27 31 25 21 35 86 16 33 15 36
40 0 1 2 4 3 5 6 7 8 9 11 12 15 14 10 17 20 16 27 13 22 19 21 43 189 45 31 54 51 26 38 42 35 25 30
41 0 1 2 3 4 6 5 7 8 10 15 20 11 13 9 16 12 14 28 21 25 24 18 83 27 23 52 33 26 63 31 17 22 35 19 64
42 0 1 2 3 6 4 8 5 11 7 10 9 13 12 18 14 15 26 27 29 20 17 37 30 16 118 34 19 42 21 33 35 58 293 62 38
43 0 1 2 4 3 5 6 10 8 11 9 7 14 13 16 12 17 20 37 30 18 15 19 24 39 38 222 65 29 418 25 246
44 0 1 2 3 4 6 8 7 10 9 13 16 12 11 15 18 14 23 19 22 25 51 28 47 37 20 17 61 26 171 29 27 62 64 69 68
45 0 1 2 3 4 6 5 9 7 8 10 14 13 15 12 11 16 25 17 29 21 30 56 18 28 19 34 42 50 53 108 26 24
46 0 1 2 3 4 5 7 9 8 11 10 22 12 6 25 20 14 16 15 23 24 17 88 280 43 110 13 36 19 18 93 40 60 38
47 0 1 2 3 4 6 5 7 9 13 8 14 12 10 15 19 20 18 26 16 11 21 40 63 17 188 28 78 36 57 33 32 30 50 45 23
48 0 1 2 3 4 5 6 8 10 7 9 18 22 11 13 14 23 15 12 16 33 17 19 20 25 39 24 21 48 79 35 74 59
49 0 1 4 2 3 6 7 5 8 12 9 18 17 16 15 20 43 58 13 10 24 28 32 72 22 35 25 40 36 41 27 112 34 19 37
50 0 1 2 3 4 6 5 7 12 11 8 13 10 25 9 21 19 14 16 42 39 15 32 20 59 18 30 17 75 50 36 38
51 0 1 2 3 4 5 6 7 11 10 12 8 9 13 14 45 18 21 17 24 35 15 22 28 20 64 16 26 27 117 33 30 41 34 143
52 2 3 7 8 9 14 12 58 43 18 39 24 16 25 33 207 20 11 38 41 68 397 225 50 67 30 75 60 1465 78 65 15 56
53 0 1 2 3 5 7 6 4 10 9 11 8 15 14 30 24 12 180 136 87 16 51 53 19 149 41 79 72 61 70 1007 67 74 58 82
54 0 1 2 3 5 4 6 7 8 10 13 11 9 12 16 19 29 20 17 55 21 33 25 50 36 234 85 46 28 144 18
55 0 1 2 3 4 5 6 11 8 7 9 30 10 13 15 14 12 17 20 16 18 19 27 25 37 21 26 38 23 29 97 115 28 34 183 33
56 0 1 2 3 5 7 6 8 13 9 11 12 10 17 32 21 23 14 41 27 37 31 66 40 78 20 91 19 67 33 44 30 54 38 60
57 0 1 2 3 4 5 6 9 8 12 10 13 18 14 20 43 26 34 57 257 39 21 30 54 47 88 23 22 478 31
58 0 1 2 3 4 13 6 5 10 7 17 11 8 24 9 12 25 20 19 63 36 32 16 38 18 14 29 15 43 111 99 60
59 0 7 8 12 15 18 52 14 56 125 28 22 31 17 21 55 65 80 34 53 23 38 48 72 167 82 204 83 118 142 226 535 117 51 79 116 195 123
60 0 1 2 3 4 5 6 7 8 15 10 13 14 11 9 28 19 17 27 65 46 168 232 26 39 106 16 749 31 38 43 90 35 143 37 30 176
61 0 1 2 3 6 8 7 5 9 12 11 13 10 17 28 32 14 15 23 81 21 22 20 126 26 18 46 16 52 19 60 63 34 78 90 45 152 384
62 0 4 6 7 8 5 9 12 10 13 17 14 15 16 11 49 174 31 147 75 41 43 20 24 70 144 76 40 155 164 151 100 95
63 0 1 2 3 4 5 9 6 7 13 8 12 14 11 15 10 55 16 44 22 20 21 19 33 36 45 25 59 29 26 117 23 99 82
64 0 3 5 9 8 7 27 335 60 157 18 66 58 36 85 42 142 63 250 103 111 25 50 229 73 117 1638 62 30 57 37 82 48 51 712 52 264 22 477 84
65 0 1 2 3 4 5 6 7 8 10 9 11 17 12 15 13 21 23 18 14 59 20 26 27 102 69 38 25 45 29 32 33 22 16 28
66 0 1 4 7 9 11 6 12 15 10 13 22 97 29 20 51 24 17 58 36 94 78 46 32 44 70 118 65 34 42 218 57 27
67 0 1 2 3 5 4 6 8 9 7 10 11 14 12 13 19 17 15 21 38 54 20 24 71 23 28 29 49 75 18 42 27 57 58 47 88
68 0 1 3 4 5 9 10 15 8 16 13 60 19 25 22 58 59 47 28 71 75 447 35 68 24 81 67 62 207 144 27 56
69 4 10 20 30 100 41 53 936 1107 89 689 18 102 107 59 21 216 224 24 11 3499 501 185 73 145 68 69 15 29 94 23 14
70 0 1 2 4 5 6 7 9 10 15 14 29 12 17 46 56 34 43 31 47 16 33 67 52 76 41 44 203
71 4 7 6 8 12 10 19 49 37 59 110 36 29 27 399 58 46 98 84 13 268 68 48 1211 57 38 30 44 77 42 69 47 549 100
72 2 3 6 5 9 14 15 45 20 18 29 12 21 37 64 35 25 72 653 79 112 24 31 100 41 128 121 201 48 30 110 51 19 50 22
73 1 3 5 12 14 13 38 65 56 320 57 280 227 44 36 88 33 128 3708 637 95 84 119 23 520 54 110 53 72 20 42 70 30 39 111 48
74 0 1 2 5 7 9 13 21 15 25 50 51 24 40 49 29 32 41 138 19 57 77 33 62 56 294 86 68 283 37 180 132
75 0 1 2 3 4 6 8 12 15 14 17 20 36 26 392 56 44 31 49 43 40 87 147 29 37 45 101 47 106
76 0 1 2 4 3 5 6 7 16 10 8 22 9 13 12 50 24 14 11 104 39 30 17 19 26 33 27 46 112 35 31 21 23
77 8 27 197 254 2942 1888 37 32 90 50 533 29 113 81 124 83 97 52 44 69 851 35 71 102 217 514 78 249 117 39 155 105 24
78 1 2 3 5 7 4 12 13 41 64 19 61 122 29 85 25 435 119 46 391 32 94 84 107 39 1185 139 74 16 87
79 0 1 3 2 5 4 7 11 6 13 10 15 23 14 8 16 35 18 71 34 9 87 25 21 19 98 26 28 50 22 53 30 81 27 44
80 0 6 4 9 11 16 51 30 24 52 50 34 25 56 53 37 116 33 49 77 86 205 97 15 61 28 107 95 41 74 87 65 26 62
81 0 1 2 4 5 6 7 8 12 10 13 9 11 15 18 43 121 161 27 60 38 381 25 22 28 200 31 35 105 26 79 55 20
82 2 23 15 46 18 455 55 124 60 11 31 34 27 63 10 73 360 65 225 105 54 28 44 36 1610 57 38 163 53 41 64 339 904 97 56
83 0 2 3 4 5 6 9 8 24 105 20 63 49 250 669 227 35 13 87 25 46 101 18 68 26 47 36 45 55 22
84 0 1 2 3 4 6 8 7 10 12 9 16 14 11 13 17 32 51 47 21 28 36 53 20 155 18 34 33 26 29 35 84
85 0 1 2 6 8 20 17 77 12 66 46 51 50 56 1222 30 134 23 128 371 25 152 123 47 179 213 34 16 69 1424
86 1 3 2 4 5 6 8 10 14 11 20 13 19 18 21 27 28 15 22 47 44 62 35 41 32 26 74 38 100 34 199 72 60 128 37 94 92
87 1 4 6 5 8 12 20 13 14 24 49 38 39 186 91 251 61 116 52 332 180 882 35 104 304 143 21 152 231 37 134 41
88 0 2 3 5 11 25 13 14 16 47 30 32 35 22 130 48 157 34 158 106 173 44 18 250 287 15 43 83 229 62 207 108
89 6 14 20 41 35 447 24 42 60 155 128 33 51 152 66 69 315 73 93 32 45 135 17 22 21 156 130 86 309 12 96 26 383 49
90 0 3 5 7 8 11 16 12 13 10 29 26 39 97 34 30 19 75 56 28 77 64 31 57 45 55 37 25 35 48 42 1489
91 142 128 817 105 85 51 122 58 95 28 70 82 267 74 56 66 26 1155 77 61 72 209 202 651 111 2871 113 327 114 439 47 83 253
92 49 69 223 106 29 194 20 38 66 170 351 108 32 107 363 11 132 156 50 159 76 43 113 75 30 90 278 82
93 3 42 66 502 122 59 5526 39 131 363 120 40 45 65 56 26 83 10 14 77 129 75 125 84 124 249 52 107 60 429 1052 36 149
94 0 51 20 17 62 61 30 40 2286 200 258 52 42 37 259 23 77 76 45 128 316 53 135 210 332 131 57 67 35 59 96 36 133
95 0 1 2 3 7 6 8 5 10 12 17 25 19 15 36 107 51 46 38 26 54 131 178 141 43 715 59 57 262 55 70 28 138 56
96 1 4 7 9 18 22 205 12 59 64 63 131 39 87 53 84 50 58 83 30 1558 139 33 28 451 32 40 95 80 38 81 177
97 0 1 2 3 4 6 5 9 8 7 12 14 13 10 21 15 39 46 22 168 34 16 11 26 86 40 18 92 19 43 28 23
98 0 1 2 3 5 4 11 6 8 7 9 10 12 26 18 20 14 19 17 15 41 52 44 40 27 25 62 16 55 43 38 13 54 24 72 86
99 1 4 6 8 7 9 15 14 11 10 13 20 39 18 29 27 37 26 96 22 105 47 89 55 24 34 33 91 666 44 178 1228
